0 info it worked if it ends with ok
1 verbose cli [ 'node', '/usr/local/bin/npm', 'search', 'sessions' ]
2 info using npm@1.4.28
3 info using node@v0.10.32
4 info get /Users/jamesyanyuk/.npm/registry.npmjs.org/-/all/.cache.json
5 verbose request where is /-/all/since?stale=update_after&startkey=1415643528733
6 verbose request registry https://registry.npmjs.org/
7 verbose request id ecda99201ea2314b
8 verbose url raw /-/all/since?stale=update_after&startkey=1415643528733
9 verbose url resolving [ 'https://registry.npmjs.org/',
9 verbose url resolving   './-/all/since?stale=update_after&startkey=1415643528733' ]
10 verbose url resolved https://registry.npmjs.org/-/all/since?stale=update_after&startkey=1415643528733
11 verbose request where is https://registry.npmjs.org/-/all/since?stale=update_after&startkey=1415643528733
12 info trying registry request attempt 1 at 18:41:23
13 http GET https://registry.npmjs.org/-/all/since?stale=update_after&startkey=1415643528733
14 http 200 https://registry.npmjs.org/-/all/since?stale=update_after&startkey=1415643528733
15 error Error: EACCES, open '/Users/jamesyanyuk/.npm/registry.npmjs.org/-/all/.cache.json'
15 error  { [Error: EACCES, open '/Users/jamesyanyuk/.npm/registry.npmjs.org/-/all/.cache.json']
15 error   errno: 3,
15 error   code: 'EACCES',
15 error   path: '/Users/jamesyanyuk/.npm/registry.npmjs.org/-/all/.cache.json' }
16 error Please try running this command again as root/Administrator.
17 error System Darwin 14.0.0
18 error command "node" "/usr/local/bin/npm" "search" "sessions"
19 error cwd /Users/jamesyanyuk/326/team-kord.io/app
20 error node -v v0.10.32
21 error npm -v 1.4.28
22 error path /Users/jamesyanyuk/.npm/registry.npmjs.org/-/all/.cache.json
23 error code EACCES
24 error errno 3
25 error stack Error: EACCES, open '/Users/jamesyanyuk/.npm/registry.npmjs.org/-/all/.cache.json'
26 verbose exit [ 3, true ]
